Start testing: Jul 05 18:47 CST
----------------------------------------------------------
1/1 Testing: test_utils
1/1 Test: test_utils
Command: "/home/gew/work/ChatroomServer/build/tests/test_utils"
Directory: /home/gew/work/ChatroomServer/build/tests
"test_utils" start time: Jul 05 18:47 CST
Output:
----------------------------------------------------------
Running main() from ./googletest/src/gtest_main.cc
[==========] Running 4 tests from 2 test suites.
[----------] Global test environment set-up.
[----------] 2 tests from LoggerTest
[ RUN      ] LoggerTest.LogLevelSetAndGet
[       OK ] LoggerTest.LogLevelSetAndGet (0 ms)
[ RUN      ] LoggerTest.LogToFile
[32m[INFO] 2025-07-05 18:47:26.256 test_utils.cpp:27 TestBody: [0mTest log message
[       OK ] LoggerTest.LogToFile (501 ms)
[----------] 2 tests from LoggerTest (501 ms total)

[----------] 2 tests from TimerTest
[ RUN      ] TimerTest.OnceTask
[       OK ] TimerTest.OnceTask (200 ms)
[ RUN      ] TimerTest.PeriodicTask
[       OK ] TimerTest.PeriodicTask (251 ms)
[----------] 2 tests from TimerTest (452 ms total)

[----------] Global test environment tear-down
[==========] 4 tests from 2 test suites ran. (953 ms total)
[  PASSED  ] 4 tests.
<end of output>
Test time =   0.96 sec
----------------------------------------------------------
Test Passed.
"test_utils" end time: Jul 05 18:47 CST
"test_utils" time elapsed: 00:00:00
----------------------------------------------------------

End testing: Jul 05 18:47 CST
